Build started 2012-03-20 22:41:54.
     1>Project "C:\Users\Patryk\Documents\Visual Studio 2010\Projects\complex\complex\complex.vcxproj" on node 2 (build target(s)).
     1>InitializeBuildStatus:
         Creating "Debug\complex.unsuccessfulbuild" because "AlwaysCreate" was specified.
       ClCompile:
         All outputs are up-to-date.
         c:\Program Files (x86)\Microsoft Visual Studio 10.0\VC\bin\CL.exe /c /ZI /nologo /W3 /WX- /Od /Oy- /D WIN32 /D _DEBUG /D _CONSOLE /D _UNICODE /D UNICODE /Gm /EHsc /RTC1 /MDd /GS /fp:precise /Zc:wchar_t /Zc:forScope /Yu"StdAfx.h" /Fp"Debug\complex.pch" /Fo"Debug\\" /Fd"Debug\vc100.pdb" /Gd /TP /analyze- /errorReport:prompt complex.cpp
         complex.cpp
       ManifestResourceCompile:
         All outputs are up-to-date.
       Link:
         c:\Program Files (x86)\Microsoft Visual Studio 10.0\VC\bin\link.exe /ERRORREPORT:PROMPT /OUT:"C:\Users\Patryk\Documents\Visual Studio 2010\Projects\complex\Debug\complex.exe" /INCREMENTAL /NOLOGO kernel32.lib user32.lib gdi32.lib winspool.lib comdlg32.lib advapi32.lib shell32.lib ole32.lib oleaut32.lib uuid.lib odbc32.lib odbccp32.lib /MANIFEST /ManifestFile:"Debug\complex.exe.intermediate.manifest" /MANIFESTUAC:"level='asInvoker' uiAccess='false'" /DEBUG /PDB:"C:\Users\Patryk\Documents\Visual Studio 2010\Projects\complex\Debug\complex.pdb" /SUBSYSTEM:CONSOLE /TLBID:1 /DYNAMICBASE /NXCOMPAT /IMPLIB:"C:\Users\Patryk\Documents\Visual Studio 2010\Projects\complex\Debug\complex.lib" /MACHINE:X86 Debug\complex.exe.embed.manifest.res
         Debug\complex.obj
         Debug\stdafx.obj
       Manifest:
         C:\Program Files (x86)\Microsoft SDKs\Windows\v7.0A\bin\mt.exe /nologo /verbose /out:"Debug\complex.exe.embed.manifest" /manifest Debug\complex.exe.intermediate.manifest
         All outputs are up-to-date.
       LinkEmbedManifest:
         All outputs are up-to-date.
         complex.vcxproj -> C:\Users\Patryk\Documents\Visual Studio 2010\Projects\complex\Debug\complex.exe
       FinalizeBuildStatus:
         Deleting file "Debug\complex.unsuccessfulbuild".
         Touching "Debug\complex.lastbuildstate".
     1>Done Building Project "C:\Users\Patryk\Documents\Visual Studio 2010\Projects\complex\complex\complex.vcxproj" (build target(s)).

Build succeeded.

Time Elapsed 00:00:01.22
